<?xml version="1.0" encoding="UTF-8"?>
<testsuite name="WallServiceTest" tests="1" skipped="0" failures="0" errors="0" timestamp="2021-10-19T19:39:07" hostname="DESKTOP-548U6J8" time="0.214">
  <properties/>
  <testcase name="testAdd" classname="WallServiceTest" time="0.214"/>
  <system-out><![CDATA[]]></system-out>
  <system-err><![CDATA[]]></system-err>
</testsuite>
